<?xml version="1.0" encoding="UTF-8"?>
<!-- Generated by org.testng.reporters.JUnitReportReporter -->
<testsuite hostname="Mini" failures="0" tests="1" name="com.framework.level1.level2.testcases.LumaRegisterTest" time="5.904" errors="0" timestamp="2023-11-15T12:57:42 EST" skipped="0">
  <testcase classname="com.framework.level1.level2.testcases.LumaRegisterTest" name="verifyRegisterAccountManadatoryFields" time="5.904"/>
</testsuite> <!-- com.framework.level1.level2.testcases.LumaRegisterTest -->
